[2024-02-06 01:54:13:1469] [32m[background-preinit][0;39m [34mINFO [0;39m [1;37m[org.hibernate.validator.internal.util.Version.<clinit>:[33m21[0;39m][0;39m - HV000001: Hibernate Validator 8.0.1.Final
[2024-02-06 01:54:14:1548] [32m[restartedMain][0;39m [34mINFO [0;39m [1;37m[org.springframework.boot.StartupInfoLogger.logStarting:[33m50[0;39m][0;39m - Starting FaddyApplication using Java 17.0.7 with PID 61107 (/Users/ahnkwanghyun/project/faddy/out/production/classes started by ahnkwanghyun in /Users/ahnkwanghyun/project/faddy)
[2024-02-06 01:54:14:1549] [32m[restartedMain][0;39m [34mINFO [0;39m [1;37m[org.springframework.boot.SpringApplication.logStartupProfileInfo:[33m660[0;39m][0;39m - The following 1 profile is active: "prod"
[2024-02-06 01:54:14:1671] [32m[restartedMain][0;39m [34mINFO [0;39m [1;37m[org.springframework.boot.logging.DeferredLog.logTo:[33m252[0;39m][0;39m - Devtools property defaults active! Set 'spring.devtools.add-properties' to 'false' to disable
[2024-02-06 01:54:14:1673] [32m[restartedMain][0;39m [34mINFO [0;39m [1;37m[org.springframework.boot.logging.DeferredLog.logTo:[33m252[0;39m][0;39m - For additional web related logging consider setting the 'logging.level.web' property to 'DEBUG'
[2024-02-06 01:54:15:3124] [32m[restartedMain][0;39m [34mINFO [0;39m [1;37m[org.springframework.data.repository.config.RepositoryConfigurationDelegate.registerRepositoriesIn:[33m139[0;39m][0;39m - Bootstrapping Spring Data JPA repositories in DEFAULT mode.
[2024-02-06 01:54:15:3158] [32m[restartedMain][0;39m [34mINFO [0;39m [1;37m[org.springframework.data.repository.config.RepositoryConfigurationDelegate.registerRepositoriesIn:[33m208[0;39m][0;39m - Finished Spring Data repository scanning in 25 ms. Found 0 JPA repository interfaces.
[2024-02-06 01:54:16:4295] [32m[restartedMain][0;39m [34mINFO [0;39m [1;37m[org.springframework.boot.web.embedded.tomcat.TomcatWebServer.initialize:[33m109[0;39m][0;39m - Tomcat initialized with port 9000 (http)
[2024-02-06 01:54:16:4307] [32m[restartedMain][0;39m [34mINFO [0;39m [1;37m[org.apache.juli.logging.DirectJDKLog.log:[33m173[0;39m][0;39m - Initializing ProtocolHandler ["http-nio-9000"]
[2024-02-06 01:54:16:4310] [32m[restartedMain][0;39m [34mINFO [0;39m [1;37m[org.apache.juli.logging.DirectJDKLog.log:[33m173[0;39m][0;39m - Starting service [Tomcat]
[2024-02-06 01:54:16:4310] [32m[restartedMain][0;39m [34mINFO [0;39m [1;37m[org.apache.juli.logging.DirectJDKLog.log:[33m173[0;39m][0;39m - Starting Servlet engine: [Apache Tomcat/10.1.18]
[2024-02-06 01:54:16:4378] [32m[restartedMain][0;39m [34mINFO [0;39m [1;37m[org.apache.juli.logging.DirectJDKLog.log:[33m173[0;39m][0;39m - Initializing Spring embedded WebApplicationContext
[2024-02-06 01:54:16:4379] [32m[restartedMain][0;39m [34mINFO [0;39m [1;37m[org.springframework.boot.web.servlet.context.ServletWebServerApplicationContext.prepareWebApplicationContext:[33m296[0;39m][0;39m - Root WebApplicationContext: initialization completed in 2706 ms
[2024-02-06 01:54:16:4476] [32m[restartedMain][0;39m [34mINFO [0;39m [1;37m[com.zaxxer.hikari.HikariDataSource.getConnection:[33m110[0;39m][0;39m - HikariPool-1 - Starting...
[2024-02-06 01:54:17:4875] [32m[restartedMain][0;39m [34mINFO [0;39m [1;37m[com.zaxxer.hikari.pool.HikariPool.checkFailFast:[33m565[0;39m][0;39m - HikariPool-1 - Added connection com.mysql.cj.jdbc.ConnectionImpl@2602c776
[2024-02-06 01:54:17:4878] [32m[restartedMain][0;39m [34mINFO [0;39m [1;37m[com.zaxxer.hikari.HikariDataSource.getConnection:[33m123[0;39m][0;39m - HikariPool-1 - Start completed.
[2024-02-06 01:54:17:4905] [32m[restartedMain][0;39m [34mINFO [0;39m [1;37m[org.springframework.boot.autoconfigure.h2.H2ConsoleAutoConfiguration.logDataSources:[33m88[0;39m][0;39m - H2 console available at '/h2-console'. Database available at 'jdbc:mysql://localhost:3306/faddy_db'
[2024-02-06 01:54:17:5163] [32m[restartedMain][0;39m [34mINFO [0;39m [1;37m[org.hibernate.jpa.internal.util.LogHelper.logPersistenceUnitInformation:[33m31[0;39m][0;39m - HHH000204: Processing PersistenceUnitInfo [name: default]
[2024-02-06 01:54:17:5212] [32m[restartedMain][0;39m [34mINFO [0;39m [1;37m[org.hibernate.Version.logVersion:[33m44[0;39m][0;39m - HHH000412: Hibernate ORM core version 6.4.1.Final
[2024-02-06 01:54:17:5241] [32m[restartedMain][0;39m [34mINFO [0;39m [1;37m[org.hibernate.cache.internal.RegionFactoryInitiator.initiateService:[33m50[0;39m][0;39m - HHH000026: Second-level cache disabled
[2024-02-06 01:54:17:5452] [32m[restartedMain][0;39m [34mINFO [0;39m [1;37m[org.springframework.orm.jpa.persistenceunit.SpringPersistenceUnitInfo.addTransformer:[33m87[0;39m][0;39m - No LoadTimeWeaver setup: ignoring JPA class transformer
[2024-02-06 01:54:18:6341] [32m[restartedMain][0;39m [34mINFO [0;39m [1;37m[org.hibernate.engine.transaction.jta.platform.internal.JtaPlatformInitiator.initiateService:[33m58[0;39m][0;39m - HHH000489: No JTA platform available (set 'hibernate.transaction.jta.platform' to enable JTA platform integration)
[2024-02-06 01:54:18:6345] [32m[restartedMain][0;39m [34mINFO [0;39m [1;37m[org.springframework.orm.jpa.AbstractEntityManagerFactoryBean.buildNativeEntityManagerFactory:[33m437[0;39m][0;39m - Initialized JPA EntityManagerFactory for persistence unit 'default'
[2024-02-06 01:54:20:7580] [32m[restartedMain][0;39m [34mINFO [0;39m [1;37m[org.springframework.security.web.DefaultSecurityFilterChain.<init>:[33m54[0;39m][0;39m - Will secure any request with [org.springframework.security.web.session.DisableEncodeUrlFilter@813eabc, org.springframework.security.web.context.request.async.WebAsyncManagerIntegrationFilter@167b0846, org.springframework.security.web.context.SecurityContextHolderFilter@57195ee0, org.springframework.security.web.header.HeaderWriterFilter@645e4a3d, org.springframework.web.filter.CorsFilter@39e547b4, org.springframework.security.web.csrf.CsrfFilter@3e301bfd, org.springframework.security.web.authentication.logout.LogoutFilter@624a3693, org.springframework.security.web.authentication.UsernamePasswordAuthenticationFilter@137add14, org.springframework.security.web.authentication.ui.DefaultLoginPageGeneratingFilter@7ae0d814, org.springframework.security.web.authentication.ui.DefaultLogoutPageGeneratingFilter@7cd1c334, org.springframework.security.web.authentication.www.BasicAuthenticationFilter@34937441, org.springframework.security.web.savedrequest.RequestCacheAwareFilter@7de4701d, org.springframework.security.web.servletapi.SecurityContextHolderAwareRequestFilter@7f2a3d7f, org.springframework.security.web.authentication.AnonymousAuthenticationFilter@6b008018, org.springframework.security.web.access.ExceptionTranslationFilter@153c6c66, org.springframework.security.web.access.intercept.AuthorizationFilter@4c3a4088]
[2024-02-06 01:54:20:7677] [32m[restartedMain][0;39m [34mINFO [0;39m [1;37m[org.springframework.boot.devtools.autoconfigure.OptionalLiveReloadServer.startServer:[33m59[0;39m][0;39m - LiveReload server is running on port 35729
[2024-02-06 01:54:20:7715] [32m[restartedMain][0;39m [34mINFO [0;39m [1;37m[org.apache.juli.logging.DirectJDKLog.log:[33m173[0;39m][0;39m - Starting ProtocolHandler ["http-nio-9000"]
[2024-02-06 01:54:20:7737] [32m[restartedMain][0;39m [34mINFO [0;39m [1;37m[org.springframework.boot.web.embedded.tomcat.TomcatWebServer.start:[33m241[0;39m][0;39m - Tomcat started on port 9000 (http) with context path ''
[2024-02-06 01:54:20:7751] [32m[restartedMain][0;39m [34mINFO [0;39m [1;37m[org.springframework.boot.StartupInfoLogger.logStarted:[33m56[0;39m][0;39m - Started FaddyApplication in 7.25 seconds (process running for 8.113)
[2024-02-06 01:54:52:40363] [32m[SpringApplicationShutdownHook][0;39m [34mINFO [0;39m [1;37m[org.springframework.orm.jpa.AbstractEntityManagerFactoryBean.destroy:[33m650[0;39m][0;39m - Closing JPA EntityManagerFactory for persistence unit 'default'
[2024-02-06 01:54:52:40367] [32m[SpringApplicationShutdownHook][0;39m [34mINFO [0;39m [1;37m[com.zaxxer.hikari.HikariDataSource.close:[33m350[0;39m][0;39m - HikariPool-1 - Shutdown initiated...
[2024-02-06 01:54:52:40380] [32m[SpringApplicationShutdownHook][0;39m [34mINFO [0;39m [1;37m[com.zaxxer.hikari.HikariDataSource.close:[33m352[0;39m][0;39m - HikariPool-1 - Shutdown completed.
